Vivado Simulator 2017.2
Copyright 1986-1999, 2001-2016 Xilinx, Inc. All Rights Reserved.
Running: C:/Xilinx/Vivado/2017.2/bin/unwrapped/win64.o/xelab.exe -wto 529679600a934cb9978650d3013c91f3 --debug typical --relax --mt 2 -L xil_defaultlib -L unisims_ver -L unimacro_ver -L secureip --snapshot testbench_behav xil_defaultlib.testbench xil_defaultlib.glbl -log elaborate.log 
Using 2 slave threads.
Starting static elaboration
Completed static elaboration
Starting simulation data flow analysis
Completed simulation data flow analysis
Time Resolution for simulation is 1ps
Compiling module xil_defaultlib.ICAP_VIRTEX4_WRAPPER
Compiling module xil_defaultlib.icapi
Compiling module xil_defaultlib.up_counter
Compiling module xil_defaultlib.count_up
Compiling module xil_defaultlib.count_down
Compiling module xil_defaultlib.count
Compiling module xil_defaultlib.arith_adder
Compiling module xil_defaultlib.arith_subtractor
Compiling module xil_defaultlib.arith
Compiling module xil_defaultlib.top
Compiling module xil_defaultlib.memctrl
Compiling module xil_defaultlib.testbench
Compiling module xil_defaultlib.glbl
Built simulation snapshot testbench_behav
